<testsuites id="" name="" tests="1" failures="0" skipped="0" errors="0" time="13.359195999999995">
<testsuite name="automationExercise.spec.ts" timestamp="2025-11-06T17:14:25.775Z" hostname="chromium" tests="1" failures="0" skipped="0" time="8.927" errors="0">
<testcase name="Test Case 1: Register User" classname="automationExercise.spec.ts" time="8.927">
<system-out>
<![CDATA[1. Launch browser
2. Navigate to url http://automationexercise.com
3. Verify that home page is visible successfully
4. Click on 'Signup / Login' button
5. Verify 'New User Signup!' is visible
6. Enter name and email address
7. Click Signup button
8. Verify that ENTER ACCOUNT INFORMATION is visible
9. Fill details: Title, Name, Email, Password, ...
10. Click Create Account button
11. Verify that ACCOUNT CREATED! is visible
12. Click Continue button
13. Verify that Logged in as username is visible
14. Click Delete Account button
15. Click Continue button
16. Verify that ACCOUNT DELETED! is visible
]]>
</system-out>
</testcase>
</testsuite>
</testsuites>